* using log directory ‘/Users/richardhua/tmp/PokemonAnalyzer/..Rcheck’
* using R version 4.5.2 (2025-10-31)
* using platform: aarch64-apple-darwin25.0.0
* R was compiled by
    Apple clang version 17.0.0 (clang-1700.3.19.1)
    GNU Fortran (Homebrew GCC 15.2.0) 15.2.0
* running under: macOS Tahoe 26.2
* using session charset: UTF-8
* using options ‘--no-manual --as-cran’
* checking for file ‘./DESCRIPTION’ ... OK
* checking extension type ... Package
* this is package ‘pokeapiclient’ version ‘0.1.0’
* package encoding: UTF-8
* checking CRAN incoming feasibility ... NOTE
Maintainer: ‘Yue Wang <yue.yale.wang@hotmail.com>’

Package has a VignetteBuilder field but no prebuilt vignette index.

Found the following (possibly) invalid URLs:
  URL: https://github.com/yueywangse/PokemonAnalyzer
    From: DESCRIPTION
    Status: Error
    Message: libcurl error code 6:
      	Could not resolve host: github.com
  URL: https://github.com/yueywangse/PokemonAnalyzer/issues
    From: DESCRIPTION
    Status: Error
    Message: libcurl error code 6:
      	Could not resolve host: github.com
  URL: https://pokeapi.co/
    From: README.md
    Status: Error
    Message: libcurl error code 6:
      	Could not resolve host: pokeapi.co

The build time stamp is missing.
* checking package namespace information ... OK
* checking package dependencies ... OK
* checking if this is a source package ... OK
* checking if there is a namespace ... OK
* checking for executable files ... OK
* checking for hidden files and directories ... NOTE
Found the following hidden files and directories:
  .Rhistory
  .gitignore
  vignettes/.gitignore
  ..Rcheck
  .Rproj.user
  .git
  .github
These were most likely included in error. See section ‘Package
structure’ in the ‘Writing R Extensions’ manual.

CRAN-pack does not know about
  ..Rcheck
  .git
  .github
* checking for portable file names ... OK
* checking for sufficient/correct file permissions ... OK
* checking whether package ‘pokeapiclient’ can be installed ... OK
* checking installed package size ... OK
* checking package directory ... OK
* checking for future file timestamps ... NOTE
unable to verify current time
* checking DESCRIPTION meta-information ... NOTE
Checking should be performed on sources prepared by ‘R CMD build’.
* checking top-level files ... NOTE
Non-standard files/directories found at top level:
  ‘CODE_OF_CONDUCT.md’ ‘CONTRIBUTING.md’ ‘LICENSE.md’
  ‘PokemonAnalyzer.Rproj’ ‘pokemon_stats.json’ ‘test.R’ ‘workflows’
* checking for left-over files ... OK
* checking index information ... OK
* checking package subdirectories ... WARNING
Found the following directory with the name of a check directory:
  ./..Rcheck
Most likely, these were included erroneously.
Found the following directory with the name of a version control directory:
  ./.git
These should not be in a package tarball.
* checking code files for non-ASCII characters ... OK
* checking R files for syntax errors ... OK
* checking whether the package can be loaded ... OK
* checking whether the package can be loaded with stated dependencies ... OK
* checking whether the package can be unloaded cleanly ... OK
* checking whether the namespace can be loaded with stated dependencies ... OK
* checking whether the namespace can be unloaded cleanly ... OK
* checking loading without being on the library search path ... OK
* checking use of S3 registration ... OK
* checking dependencies in R code ... OK
* checking S3 generic/method consistency ... OK
* checking replacement functions ... OK
* checking foreign function calls ... OK
* checking R code for possible problems ... OK
* checking Rd files ... OK
* checking Rd metadata ... OK
* checking Rd line widths ... OK
* checking Rd cross-references ... OK
* checking for missing documentation entries ... OK
* checking for code/documentation mismatches ... OK
* checking Rd \usage sections ... OK
* checking Rd contents ... OK
* checking for unstated dependencies in examples ... OK
* checking LazyData ... INFO
  'LazyData' is specified without a 'data' directory
* checking files in ‘vignettes’ ... WARNING
Files in the 'vignettes' directory but no files in 'inst/doc':
  ‘pokeapiclient.Rmd’
* checking examples ... ERROR
Running examples in ‘pokeapiclient-Ex.R’ failed
The error most likely occurred in:

> base::assign(".ptime", proc.time(), pos = "CheckExEnv")
> ### Name: get_pokemon_id
> ### Title: Look up a Pokemon's ID and type from the cached stats file
> ### Aliases: get_pokemon_id
> 
> ### ** Examples
> 
> get_pokemon_id("pikachu")
Error: lexical error: invalid char in json text.
                                       pokemon_stats.json
                     (right here) ------^
Execution halted
* checking for unstated dependencies in ‘tests’ ... OK
* checking tests ... OK
  Running ‘testthat.R’
* checking for unstated dependencies in vignettes ... OK
* checking package vignettes ... WARNING
Directory 'inst/doc' does not exist.
Package vignette without corresponding single PDF/HTML:
  ‘pokeapiclient.Rmd’
* checking re-building of vignette outputs ... OK
* checking for non-standard things in the check directory ... OK
* checking for detritus in the temp directory ... OK
* DONE
Status: 1 ERROR, 3 WARNINGs, 5 NOTEs
